srcscan starts
INFO: analyzing module check (VERI-9002)
C:/Users/Administrator/Desktop/LOCK/LOCK.srcs/sources_1/new/check.v(37): WARNING: redeclaration of ansi port clk is not allowed (VERI-1372)
C:/Users/Administrator/Desktop/LOCK/LOCK.srcs/sources_1/new/check.v(37): WARNING: redeclaration of ansi port sure is not allowed (VERI-1372)
C:/Users/Administrator/Desktop/LOCK/LOCK.srcs/sources_1/new/check.v(38): WARNING: redeclaration of ansi port choose is not allowed (VERI-1372)
C:/Users/Administrator/Desktop/LOCK/LOCK.srcs/sources_1/new/check.v(38): WARNING: redeclaration of ansi port Out is not allowed (VERI-1372)
C:/Users/Administrator/Desktop/LOCK/LOCK.srcs/sources_1/new/check.v(40): WARNING: redeclaration of ansi port count0 is not allowed (VERI-1372)
C:/Users/Administrator/Desktop/LOCK/LOCK.srcs/sources_1/new/check.v(40): WARNING: redeclaration of ansi port count1 is not allowed (VERI-1372)
C:/Users/Administrator/Desktop/LOCK/LOCK.srcs/sources_1/new/check.v(40): WARNING: redeclaration of ansi port count2 is not allowed (VERI-1372)
C:/Users/Administrator/Desktop/LOCK/LOCK.srcs/sources_1/new/check.v(40): WARNING: redeclaration of ansi port count3 is not allowed (VERI-1372)
C:/Users/Administrator/Desktop/LOCK/LOCK.srcs/sources_1/new/check.v(41): WARNING: redeclaration of ansi port num0 is not allowed (VERI-1372)
C:/Users/Administrator/Desktop/LOCK/LOCK.srcs/sources_1/new/check.v(41): WARNING: redeclaration of ansi port num1 is not allowed (VERI-1372)
C:/Users/Administrator/Desktop/LOCK/LOCK.srcs/sources_1/new/check.v(41): WARNING: redeclaration of ansi port num2 is not allowed (VERI-1372)
C:/Users/Administrator/Desktop/LOCK/LOCK.srcs/sources_1/new/check.v(41): WARNING: redeclaration of ansi port num3 is not allowed (VERI-1372)
INFO: analyzing module design_1_check_0_1 (VERI-9002)
Listing tops:
VeriTop library:xil_defaultlib mod:design_1_check_0_1
END of tops
c:/Users/Administrator/Desktop/LOCK/LOCK.srcs/sources_1/bd/design_1/ip/design_1_check_0_1/synth/design_1_check_0_1.v(57): INFO: compiling module design_1_check_0_1 (VERI-1018)
srcscan exits with return value 0
